[2025-04-11 13:29:36,103] multiqc                                            [DEBUG  ]  This is MultiQC v1.12
[2025-04-11 13:29:36,103] multiqc                                            [DEBUG  ]  No MultiQC config found: /opt/anaconda/anaconda3/lib/python3.9/site-packages/multiqc_config.yaml
[2025-04-11 13:29:36,103] multiqc                                            [DEBUG  ]  No MultiQC config found: /home/shared/8TB_HDD_02/lbreit/.multiqc_config.yaml
[2025-04-11 13:29:36,103] multiqc                                            [DEBUG  ]  No MultiQC config found: multiqc_config.yaml
[2025-04-11 13:29:36,103] multiqc                                            [DEBUG  ]  Command used: /opt/anaconda/anaconda3/bin/multiqc .
[2025-04-11 13:29:36,702] multiqc                                            [WARNING]  MultiQC Version v1.28 now available!
[2025-04-11 13:29:36,703] multiqc                                            [DEBUG  ]  Command     : /opt/anaconda/anaconda3/bin/multiqc .
[2025-04-11 13:29:36,703] multiqc                                            [DEBUG  ]  Working dir : /home/shared/8TB_HDD_02/lbreit/fish546/lara-zostera/project/output
[2025-04-11 13:29:36,703] multiqc                                            [DEBUG  ]  Template    : default
[2025-04-11 13:29:36,703] multiqc                                            [DEBUG  ]  Running Python 3.9.7 (default, Sep 16 2021, 13:09:58)  [GCC 7.5.0]
[2025-04-11 13:29:36,704] multiqc                                            [DEBUG  ]  Analysing modules: custom_content, ccs, ngsderive, purple, conpair, lima, peddy, somalier, methylQA, mosdepth, phantompeakqualtools, qualimap, preseq, quast, qorts, rna_seqc, rockhopper, rsem, rseqc, busco, bustools, goleft_indexcov, gffcompare, disambiguate, supernova, deeptools, sargasso, verifybamid, mirtrace, happy, mirtop, sambamba, homer, hops, macs2, theta2, snpeff, gatk, htseq, bcftools, featureCounts, fgbio, dragen, dedup, pbmarkdup, damageprofiler, biobambam2, jcvi, mtnucratio, picard, vep, sentieon, prokka, qc3C, nanostat, samblaster, samtools, sexdeterrmine, eigenstratdatabasetools, bamtools, jellyfish, vcftools, longranger, stacks, varscan2, snippy, bbmap, bismark, biscuit, hicexplorer, hicup, hicpro, salmon, kallisto, slamdunk, star, hisat2, tophat, bowtie2, bowtie1, snpsplit, odgi, pangolin, kat, leehom, adapterRemoval, clipandmerge, cutadapt, flexbar, kaiju, kraken, malt, trimmomatic, sickle, skewer, sortmerna, biobloomtools, fastq_screen, afterqc, fastp, fastqc, pychopper, pycoqc, minionqc, multivcfanalyzer, clusterflow, checkqc, bcl2fastq, bclconvert, interop, ivar, flash, seqyclean, optitype, whatshap
[2025-04-11 13:29:36,704] multiqc                                            [DEBUG  ]  Using temporary directory for creating report: /tmp/tmpt2skrny6
[2025-04-11 13:29:36,792] multiqc                                            [INFO   ]  Search path : /home/shared/8TB_HDD_02/lbreit/fish546/lara-zostera/project/output
[2025-04-11 13:29:36,812] multiqc                                            [DEBUG  ]  File ignored by ccs/v4 because it exceeded search pattern filesize limit: WP3_R2_001_fastqc.html
[2025-04-11 13:29:36,813] multiqc                                            [DEBUG  ]  File ignored by hicexplorer because it exceeded search pattern filesize limit: WP3_R2_001_fastqc.html
[2025-04-11 13:29:36,813] multiqc                                            [DEBUG  ]  File ignored by lima/summary because it exceeded search pattern filesize limit: WP3_R2_001_fastqc.html
[2025-04-11 13:29:36,814] multiqc                                            [DEBUG  ]  File ignored by vep/vep_txt because it exceeded search pattern filesize limit: WP3_R2_001_fastqc.html
[2025-04-11 13:29:36,814] multiqc                                            [DEBUG  ]  File ignored by longranger/invocation because it exceeded search pattern filesize limit: WP3_R2_001_fastqc.html
[2025-04-11 13:29:36,815] multiqc                                            [DEBUG  ]  File ignored by rockhopper because it exceeded search pattern filesize limit: WP3_R2_001_fastqc.html
[2025-04-11 13:29:36,815] multiqc                                            [DEBUG  ]  File ignored by rseqc/bam_stat because it exceeded search pattern filesize limit: WP3_R2_001_fastqc.html
[2025-04-11 13:29:36,815] multiqc                                            [DEBUG  ]  File ignored by rseqc/junction_annotation because it exceeded search pattern filesize limit: WP3_R2_001_fastqc.html
[2025-04-11 13:29:36,815] multiqc                                            [DEBUG  ]  File ignored by rseqc/read_distribution because it exceeded search pattern filesize limit: WP3_R2_001_fastqc.html
[2025-04-11 13:29:36,815] multiqc                                            [DEBUG  ]  File ignored by rseqc/infer_experiment because it exceeded search pattern filesize limit: WP3_R2_001_fastqc.html
[2025-04-11 13:29:36,839] multiqc                                            [DEBUG  ]  File ignored by nanostat because it exceeded search pattern filesize limit: WP3_R2_001_fastqc.html
[2025-04-11 13:29:36,843] multiqc                                            [DEBUG  ]  File ignored by ccs/v4 because it exceeded search pattern filesize limit: PA2_R1_001_fastqc.html
[2025-04-11 13:29:36,843] multiqc                                            [DEBUG  ]  File ignored by hicexplorer because it exceeded search pattern filesize limit: PA2_R1_001_fastqc.html
[2025-04-11 13:29:36,843] multiqc                                            [DEBUG  ]  File ignored by lima/summary because it exceeded search pattern filesize limit: PA2_R1_001_fastqc.html
[2025-04-11 13:29:36,844] multiqc                                            [DEBUG  ]  File ignored by vep/vep_txt because it exceeded search pattern filesize limit: PA2_R1_001_fastqc.html
[2025-04-11 13:29:36,844] multiqc                                            [DEBUG  ]  File ignored by longranger/invocation because it exceeded search pattern filesize limit: PA2_R1_001_fastqc.html
[2025-04-11 13:29:36,844] multiqc                                            [DEBUG  ]  File ignored by rockhopper because it exceeded search pattern filesize limit: PA2_R1_001_fastqc.html
[2025-04-11 13:29:36,844] multiqc                                            [DEBUG  ]  File ignored by rseqc/bam_stat because it exceeded search pattern filesize limit: PA2_R1_001_fastqc.html
[2025-04-11 13:29:36,844] multiqc                                            [DEBUG  ]  File ignored by rseqc/junction_annotation because it exceeded search pattern filesize limit: PA2_R1_001_fastqc.html
[2025-04-11 13:29:36,844] multiqc                                            [DEBUG  ]  File ignored by rseqc/read_distribution because it exceeded search pattern filesize limit: PA2_R1_001_fastqc.html
[2025-04-11 13:29:36,844] multiqc                                            [DEBUG  ]  File ignored by rseqc/infer_experiment because it exceeded search pattern filesize limit: PA2_R1_001_fastqc.html
[2025-04-11 13:29:36,865] multiqc                                            [DEBUG  ]  File ignored by nanostat because it exceeded search pattern filesize limit: PA2_R1_001_fastqc.html
[2025-04-11 13:29:36,869] multiqc                                            [DEBUG  ]  File ignored by ccs/v4 because it exceeded search pattern filesize limit: PA1_R2_001_fastqc.html
[2025-04-11 13:29:36,869] multiqc                                            [DEBUG  ]  File ignored by hicexplorer because it exceeded search pattern filesize limit: PA1_R2_001_fastqc.html
[2025-04-11 13:29:36,869] multiqc                                            [DEBUG  ]  File ignored by lima/summary because it exceeded search pattern filesize limit: PA1_R2_001_fastqc.html
[2025-04-11 13:29:36,870] multiqc                                            [DEBUG  ]  File ignored by vep/vep_txt because it exceeded search pattern filesize limit: PA1_R2_001_fastqc.html
[2025-04-11 13:29:36,870] multiqc                                            [DEBUG  ]  File ignored by longranger/invocation because it exceeded search pattern filesize limit: PA1_R2_001_fastqc.html
[2025-04-11 13:29:36,870] multiqc                                            [DEBUG  ]  File ignored by rockhopper because it exceeded search pattern filesize limit: PA1_R2_001_fastqc.html
[2025-04-11 13:29:36,870] multiqc                                            [DEBUG  ]  File ignored by rseqc/bam_stat because it exceeded search pattern filesize limit: PA1_R2_001_fastqc.html
[2025-04-11 13:29:36,870] multiqc                                            [DEBUG  ]  File ignored by rseqc/junction_annotation because it exceeded search pattern filesize limit: PA1_R2_001_fastqc.html
[2025-04-11 13:29:36,870] multiqc                                            [DEBUG  ]  File ignored by rseqc/read_distribution because it exceeded search pattern filesize limit: PA1_R2_001_fastqc.html
[2025-04-11 13:29:36,870] multiqc                                            [DEBUG  ]  File ignored by rseqc/infer_experiment because it exceeded search pattern filesize limit: PA1_R2_001_fastqc.html
[2025-04-11 13:29:36,892] multiqc                                            [DEBUG  ]  File ignored by nanostat because it exceeded search pattern filesize limit: PA1_R2_001_fastqc.html
[2025-04-11 13:29:36,895] multiqc                                            [DEBUG  ]  File ignored by ccs/v4 because it exceeded search pattern filesize limit: PA3_R1_001_fastqc.html
[2025-04-11 13:29:36,896] multiqc                                            [DEBUG  ]  File ignored by hicexplorer because it exceeded search pattern filesize limit: PA3_R1_001_fastqc.html
[2025-04-11 13:29:36,896] multiqc                                            [DEBUG  ]  File ignored by lima/summary because it exceeded search pattern filesize limit: PA3_R1_001_fastqc.html
[2025-04-11 13:29:36,897] multiqc                                            [DEBUG  ]  File ignored by vep/vep_txt because it exceeded search pattern filesize limit: PA3_R1_001_fastqc.html
[2025-04-11 13:29:36,897] multiqc                                            [DEBUG  ]  File ignored by longranger/invocation because it exceeded search pattern filesize limit: PA3_R1_001_fastqc.html
[2025-04-11 13:29:36,897] multiqc                                            [DEBUG  ]  File ignored by rockhopper because it exceeded search pattern filesize limit: PA3_R1_001_fastqc.html
[2025-04-11 13:29:36,897] multiqc                                            [DEBUG  ]  File ignored by rseqc/bam_stat because it exceeded search pattern filesize limit: PA3_R1_001_fastqc.html
[2025-04-11 13:29:36,897] multiqc                                            [DEBUG  ]  File ignored by rseqc/junction_annotation because it exceeded search pattern filesize limit: PA3_R1_001_fastqc.html
[2025-04-11 13:29:36,897] multiqc                                            [DEBUG  ]  File ignored by rseqc/read_distribution because it exceeded search pattern filesize limit: PA3_R1_001_fastqc.html
[2025-04-11 13:29:36,897] multiqc                                            [DEBUG  ]  File ignored by rseqc/infer_experiment because it exceeded search pattern filesize limit: PA3_R1_001_fastqc.html
[2025-04-11 13:29:36,919] multiqc                                            [DEBUG  ]  File ignored by nanostat because it exceeded search pattern filesize limit: PA3_R1_001_fastqc.html
[2025-04-11 13:29:36,922] multiqc                                            [DEBUG  ]  File ignored by ccs/v4 because it exceeded search pattern filesize limit: WP1_R1_001_fastqc.html
[2025-04-11 13:29:36,922] multiqc                                            [DEBUG  ]  File ignored by hicexplorer because it exceeded search pattern filesize limit: WP1_R1_001_fastqc.html
[2025-04-11 13:29:36,922] multiqc                                            [DEBUG  ]  File ignored by lima/summary because it exceeded search pattern filesize limit: WP1_R1_001_fastqc.html
[2025-04-11 13:29:36,923] multiqc                                            [DEBUG  ]  File ignored by vep/vep_txt because it exceeded search pattern filesize limit: WP1_R1_001_fastqc.html
[2025-04-11 13:29:36,923] multiqc                                            [DEBUG  ]  File ignored by longranger/invocation because it exceeded search pattern filesize limit: WP1_R1_001_fastqc.html
[2025-04-11 13:29:36,923] multiqc                                            [DEBUG  ]  File ignored by rockhopper because it exceeded search pattern filesize limit: WP1_R1_001_fastqc.html
[2025-04-11 13:29:36,923] multiqc                                            [DEBUG  ]  File ignored by rseqc/bam_stat because it exceeded search pattern filesize limit: WP1_R1_001_fastqc.html
[2025-04-11 13:29:36,923] multiqc                                            [DEBUG  ]  File ignored by rseqc/junction_annotation because it exceeded search pattern filesize limit: WP1_R1_001_fastqc.html
[2025-04-11 13:29:36,923] multiqc                                            [DEBUG  ]  File ignored by rseqc/read_distribution because it exceeded search pattern filesize limit: WP1_R1_001_fastqc.html
[2025-04-11 13:29:36,923] multiqc                                            [DEBUG  ]  File ignored by rseqc/infer_experiment because it exceeded search pattern filesize limit: WP1_R1_001_fastqc.html
[2025-04-11 13:29:36,945] multiqc                                            [DEBUG  ]  File ignored by nanostat because it exceeded search pattern filesize limit: WP1_R1_001_fastqc.html
[2025-04-11 13:29:36,948] multiqc                                            [DEBUG  ]  File ignored by ccs/v4 because it exceeded search pattern filesize limit: PP2_R2_001_fastqc.html
[2025-04-11 13:29:36,949] multiqc                                            [DEBUG  ]  File ignored by hicexplorer because it exceeded search pattern filesize limit: PP2_R2_001_fastqc.html
[2025-04-11 13:29:36,949] multiqc                                            [DEBUG  ]  File ignored by lima/summary because it exceeded search pattern filesize limit: PP2_R2_001_fastqc.html
[2025-04-11 13:29:36,949] multiqc                                            [DEBUG  ]  File ignored by vep/vep_txt because it exceeded search pattern filesize limit: PP2_R2_001_fastqc.html
[2025-04-11 13:29:36,949] multiqc                                            [DEBUG  ]  File ignored by longranger/invocation because it exceeded search pattern filesize limit: PP2_R2_001_fastqc.html
[2025-04-11 13:29:36,949] multiqc                                            [DEBUG  ]  File ignored by rockhopper because it exceeded search pattern filesize limit: PP2_R2_001_fastqc.html
[2025-04-11 13:29:36,949] multiqc                                            [DEBUG  ]  File ignored by rseqc/bam_stat because it exceeded search pattern filesize limit: PP2_R2_001_fastqc.html
[2025-04-11 13:29:36,949] multiqc                                            [DEBUG  ]  File ignored by rseqc/junction_annotation because it exceeded search pattern filesize limit: PP2_R2_001_fastqc.html
[2025-04-11 13:29:36,950] multiqc                                            [DEBUG  ]  File ignored by rseqc/read_distribution because it exceeded search pattern filesize limit: PP2_R2_001_fastqc.html
[2025-04-11 13:29:36,950] multiqc                                            [DEBUG  ]  File ignored by rseqc/infer_experiment because it exceeded search pattern filesize limit: PP2_R2_001_fastqc.html
[2025-04-11 13:29:36,970] multiqc                                            [DEBUG  ]  File ignored by nanostat because it exceeded search pattern filesize limit: PP2_R2_001_fastqc.html
[2025-04-11 13:29:36,974] multiqc                                            [DEBUG  ]  File ignored by ccs/v4 because it exceeded search pattern filesize limit: PA4_R2_001_fastqc.html
[2025-04-11 13:29:36,974] multiqc                                            [DEBUG  ]  File ignored by hicexplorer because it exceeded search pattern filesize limit: PA4_R2_001_fastqc.html
[2025-04-11 13:29:36,974] multiqc                                            [DEBUG  ]  File ignored by lima/summary because it exceeded search pattern filesize limit: PA4_R2_001_fastqc.html
[2025-04-11 13:29:36,975] multiqc                                            [DEBUG  ]  File ignored by vep/vep_txt because it exceeded search pattern filesize limit: PA4_R2_001_fastqc.html
[2025-04-11 13:29:36,975] multiqc                                            [DEBUG  ]  File ignored by longranger/invocation because it exceeded search pattern filesize limit: PA4_R2_001_fastqc.html
[2025-04-11 13:29:36,975] multiqc                                            [DEBUG  ]  File ignored by rockhopper because it exceeded search pattern filesize limit: PA4_R2_001_fastqc.html
[2025-04-11 13:29:36,975] multiqc                                            [DEBUG  ]  File ignored by rseqc/bam_stat because it exceeded search pattern filesize limit: PA4_R2_001_fastqc.html
[2025-04-11 13:29:36,975] multiqc                                            [DEBUG  ]  File ignored by rseqc/junction_annotation because it exceeded search pattern filesize limit: PA4_R2_001_fastqc.html
[2025-04-11 13:29:36,975] multiqc                                            [DEBUG  ]  File ignored by rseqc/read_distribution because it exceeded search pattern filesize limit: PA4_R2_001_fastqc.html
[2025-04-11 13:29:36,975] multiqc                                            [DEBUG  ]  File ignored by rseqc/infer_experiment because it exceeded search pattern filesize limit: PA4_R2_001_fastqc.html
[2025-04-11 13:29:36,998] multiqc                                            [DEBUG  ]  File ignored by nanostat because it exceeded search pattern filesize limit: PA4_R2_001_fastqc.html
[2025-04-11 13:29:37,001] multiqc                                            [DEBUG  ]  File ignored by ccs/v4 because it exceeded search pattern filesize limit: WPr_R1_001_fastqc.html
[2025-04-11 13:29:37,001] multiqc                                            [DEBUG  ]  File ignored by hicexplorer because it exceeded search pattern filesize limit: WPr_R1_001_fastqc.html
[2025-04-11 13:29:37,001] multiqc                                            [DEBUG  ]  File ignored by lima/summary because it exceeded search pattern filesize limit: WPr_R1_001_fastqc.html
[2025-04-11 13:29:37,002] multiqc                                            [DEBUG  ]  File ignored by vep/vep_txt because it exceeded search pattern filesize limit: WPr_R1_001_fastqc.html
[2025-04-11 13:29:37,002] multiqc                                            [DEBUG  ]  File ignored by longranger/invocation because it exceeded search pattern filesize limit: WPr_R1_001_fastqc.html
[2025-04-11 13:29:37,002] multiqc                                            [DEBUG  ]  File ignored by rockhopper because it exceeded search pattern filesize limit: WPr_R1_001_fastqc.html
[2025-04-11 13:29:37,002] multiqc                                            [DEBUG  ]  File ignored by rseqc/bam_stat because it exceeded search pattern filesize limit: WPr_R1_001_fastqc.html
[2025-04-11 13:29:37,002] multiqc                                            [DEBUG  ]  File ignored by rseqc/junction_annotation because it exceeded search pattern filesize limit: WPr_R1_001_fastqc.html
[2025-04-11 13:29:37,002] multiqc                                            [DEBUG  ]  File ignored by rseqc/read_distribution because it exceeded search pattern filesize limit: WPr_R1_001_fastqc.html
[2025-04-11 13:29:37,002] multiqc                                            [DEBUG  ]  File ignored by rseqc/infer_experiment because it exceeded search pattern filesize limit: WPr_R1_001_fastqc.html
[2025-04-11 13:29:37,024] multiqc                                            [DEBUG  ]  File ignored by nanostat because it exceeded search pattern filesize limit: WPr_R1_001_fastqc.html
[2025-04-11 13:29:37,027] multiqc                                            [DEBUG  ]  File ignored by ccs/v4 because it exceeded search pattern filesize limit: WP3_R1_001_fastqc.html
[2025-04-11 13:29:37,028] multiqc                                            [DEBUG  ]  File ignored by hicexplorer because it exceeded search pattern filesize limit: WP3_R1_001_fastqc.html
[2025-04-11 13:29:37,028] multiqc                                            [DEBUG  ]  File ignored by lima/summary because it exceeded search pattern filesize limit: WP3_R1_001_fastqc.html
[2025-04-11 13:29:37,028] multiqc                                            [DEBUG  ]  File ignored by vep/vep_txt because it exceeded search pattern filesize limit: WP3_R1_001_fastqc.html
[2025-04-11 13:29:37,028] multiqc                                            [DEBUG  ]  File ignored by longranger/invocation because it exceeded search pattern filesize limit: WP3_R1_001_fastqc.html
[2025-04-11 13:29:37,029] multiqc                                            [DEBUG  ]  File ignored by rockhopper because it exceeded search pattern filesize limit: WP3_R1_001_fastqc.html
[2025-04-11 13:29:37,029] multiqc                                            [DEBUG  ]  File ignored by rseqc/bam_stat because it exceeded search pattern filesize limit: WP3_R1_001_fastqc.html
[2025-04-11 13:29:37,029] multiqc                                            [DEBUG  ]  File ignored by rseqc/junction_annotation because it exceeded search pattern filesize limit: WP3_R1_001_fastqc.html
[2025-04-11 13:29:37,029] multiqc                                            [DEBUG  ]  File ignored by rseqc/read_distribution because it exceeded search pattern filesize limit: WP3_R1_001_fastqc.html
[2025-04-11 13:29:37,029] multiqc                                            [DEBUG  ]  File ignored by rseqc/infer_experiment because it exceeded search pattern filesize limit: WP3_R1_001_fastqc.html
[2025-04-11 13:29:37,050] multiqc                                            [DEBUG  ]  File ignored by nanostat because it exceeded search pattern filesize limit: WP3_R1_001_fastqc.html
[2025-04-11 13:29:37,054] multiqc                                            [DEBUG  ]  File ignored by ccs/v4 because it exceeded search pattern filesize limit: WAr_R1_001_fastqc.html
[2025-04-11 13:29:37,054] multiqc                                            [DEBUG  ]  File ignored by hicexplorer because it exceeded search pattern filesize limit: WAr_R1_001_fastqc.html
[2025-04-11 13:29:37,054] multiqc                                            [DEBUG  ]  File ignored by lima/summary because it exceeded search pattern filesize limit: WAr_R1_001_fastqc.html
[2025-04-11 13:29:37,055] multiqc                                            [DEBUG  ]  File ignored by vep/vep_txt because it exceeded search pattern filesize limit: WAr_R1_001_fastqc.html
[2025-04-11 13:29:37,055] multiqc                                            [DEBUG  ]  File ignored by longranger/invocation because it exceeded search pattern filesize limit: WAr_R1_001_fastqc.html
[2025-04-11 13:29:37,055] multiqc                                            [DEBUG  ]  File ignored by rockhopper because it exceeded search pattern filesize limit: WAr_R1_001_fastqc.html
[2025-04-11 13:29:37,055] multiqc                                            [DEBUG  ]  File ignored by rseqc/bam_stat because it exceeded search pattern filesize limit: WAr_R1_001_fastqc.html
[2025-04-11 13:29:37,055] multiqc                                            [DEBUG  ]  File ignored by rseqc/junction_annotation because it exceeded search pattern filesize limit: WAr_R1_001_fastqc.html
[2025-04-11 13:29:37,055] multiqc                                            [DEBUG  ]  File ignored by rseqc/read_distribution because it exceeded search pattern filesize limit: WAr_R1_001_fastqc.html
[2025-04-11 13:29:37,055] multiqc                                            [DEBUG  ]  File ignored by rseqc/infer_experiment because it exceeded search pattern filesize limit: WAr_R1_001_fastqc.html
[2025-04-11 13:29:37,076] multiqc                                            [DEBUG  ]  File ignored by nanostat because it exceeded search pattern filesize limit: WAr_R1_001_fastqc.html
[2025-04-11 13:29:37,079] multiqc                                            [DEBUG  ]  File ignored by ccs/v4 because it exceeded search pattern filesize limit: PP4_R1_001_fastqc.html
[2025-04-11 13:29:37,080] multiqc                                            [DEBUG  ]  File ignored by hicexplorer because it exceeded search pattern filesize limit: PP4_R1_001_fastqc.html
[2025-04-11 13:29:37,080] multiqc                                            [DEBUG  ]  File ignored by lima/summary because it exceeded search pattern filesize limit: PP4_R1_001_fastqc.html
[2025-04-11 13:29:37,080] multiqc                                            [DEBUG  ]  File ignored by vep/vep_txt because it exceeded search pattern filesize limit: PP4_R1_001_fastqc.html
[2025-04-11 13:29:37,080] multiqc                                            [DEBUG  ]  File ignored by longranger/invocation because it exceeded search pattern filesize limit: PP4_R1_001_fastqc.html
[2025-04-11 13:29:37,080] multiqc                                            [DEBUG  ]  File ignored by rockhopper because it exceeded search pattern filesize limit: PP4_R1_001_fastqc.html
[2025-04-11 13:29:37,080] multiqc                                            [DEBUG  ]  File ignored by rseqc/bam_stat because it exceeded search pattern filesize limit: PP4_R1_001_fastqc.html
[2025-04-11 13:29:37,081] multiqc                                            [DEBUG  ]  File ignored by rseqc/junction_annotation because it exceeded search pattern filesize limit: PP4_R1_001_fastqc.html
[2025-04-11 13:29:37,081] multiqc                                            [DEBUG  ]  File ignored by rseqc/read_distribution because it exceeded search pattern filesize limit: PP4_R1_001_fastqc.html
[2025-04-11 13:29:37,081] multiqc                                            [DEBUG  ]  File ignored by rseqc/infer_experiment because it exceeded search pattern filesize limit: PP4_R1_001_fastqc.html
[2025-04-11 13:29:37,102] multiqc                                            [DEBUG  ]  File ignored by nanostat because it exceeded search pattern filesize limit: PP4_R1_001_fastqc.html
[2025-04-11 13:29:37,106] multiqc                                            [DEBUG  ]  File ignored by ccs/v4 because it exceeded search pattern filesize limit: WA2_R2_001_fastqc.html
[2025-04-11 13:29:37,106] multiqc                                            [DEBUG  ]  File ignored by hicexplorer because it exceeded search pattern filesize limit: WA2_R2_001_fastqc.html
[2025-04-11 13:29:37,106] multiqc                                            [DEBUG  ]  File ignored by lima/summary because it exceeded search pattern filesize limit: WA2_R2_001_fastqc.html
[2025-04-11 13:29:37,107] multiqc                                            [DEBUG  ]  File ignored by vep/vep_txt because it exceeded search pattern filesize limit: WA2_R2_001_fastqc.html
[2025-04-11 13:29:37,107] multiqc                                            [DEBUG  ]  File ignored by longranger/invocation because it exceeded search pattern filesize limit: WA2_R2_001_fastqc.html
[2025-04-11 13:29:37,107] multiqc                                            [DEBUG  ]  File ignored by rockhopper because it exceeded search pattern filesize limit: WA2_R2_001_fastqc.html
[2025-04-11 13:29:37,107] multiqc                                            [DEBUG  ]  File ignored by rseqc/bam_stat because it exceeded search pattern filesize limit: WA2_R2_001_fastqc.html
[2025-04-11 13:29:37,107] multiqc                                            [DEBUG  ]  File ignored by rseqc/junction_annotation because it exceeded search pattern filesize limit: WA2_R2_001_fastqc.html
[2025-04-11 13:29:37,107] multiqc                                            [DEBUG  ]  File ignored by rseqc/read_distribution because it exceeded search pattern filesize limit: WA2_R2_001_fastqc.html
[2025-04-11 13:29:37,107] multiqc                                            [DEBUG  ]  File ignored by rseqc/infer_experiment because it exceeded search pattern filesize limit: WA2_R2_001_fastqc.html
[2025-04-11 13:29:37,129] multiqc                                            [DEBUG  ]  File ignored by nanostat because it exceeded search pattern filesize limit: WA2_R2_001_fastqc.html
[2025-04-11 13:29:37,132] multiqc                                            [DEBUG  ]  File ignored by ccs/v4 because it exceeded search pattern filesize limit: PA2_R2_001_fastqc.html
[2025-04-11 13:29:37,133] multiqc                                            [DEBUG  ]  File ignored by hicexplorer because it exceeded search pattern filesize limit: PA2_R2_001_fastqc.html
[2025-04-11 13:29:37,133] multiqc                                            [DEBUG  ]  File ignored by lima/summary because it exceeded search pattern filesize limit: PA2_R2_001_fastqc.html
[2025-04-11 13:29:37,134] multiqc                                            [DEBUG  ]  File ignored by vep/vep_txt because it exceeded search pattern filesize limit: PA2_R2_001_fastqc.html
[2025-04-11 13:29:37,134] multiqc                                            [DEBUG  ]  File ignored by longranger/invocation because it exceeded search pattern filesize limit: PA2_R2_001_fastqc.html
[2025-04-11 13:29:37,134] multiqc                                            [DEBUG  ]  File ignored by rockhopper because it exceeded search pattern filesize limit: PA2_R2_001_fastqc.html
[2025-04-11 13:29:37,134] multiqc                                            [DEBUG  ]  File ignored by rseqc/bam_stat because it exceeded search pattern filesize limit: PA2_R2_001_fastqc.html
[2025-04-11 13:29:37,134] multiqc                                            [DEBUG  ]  File ignored by rseqc/junction_annotation because it exceeded search pattern filesize limit: PA2_R2_001_fastqc.html
[2025-04-11 13:29:37,134] multiqc                                            [DEBUG  ]  File ignored by rseqc/read_distribution because it exceeded search pattern filesize limit: PA2_R2_001_fastqc.html
[2025-04-11 13:29:37,134] multiqc                                            [DEBUG  ]  File ignored by rseqc/infer_experiment because it exceeded search pattern filesize limit: PA2_R2_001_fastqc.html
[2025-04-11 13:29:37,155] multiqc                                            [DEBUG  ]  File ignored by nanostat because it exceeded search pattern filesize limit: PA2_R2_001_fastqc.html
[2025-04-11 13:29:37,159] multiqc                                            [DEBUG  ]  File ignored by ccs/v4 because it exceeded search pattern filesize limit: PP1_R2_001_fastqc.html
[2025-04-11 13:29:37,160] multiqc                                            [DEBUG  ]  File ignored by hicexplorer because it exceeded search pattern filesize limit: PP1_R2_001_fastqc.html
[2025-04-11 13:29:37,160] multiqc                                            [DEBUG  ]  File ignored by lima/summary because it exceeded search pattern filesize limit: PP1_R2_001_fastqc.html
[2025-04-11 13:29:37,161] multiqc                                            [DEBUG  ]  File ignored by vep/vep_txt because it exceeded search pattern filesize limit: PP1_R2_001_fastqc.html
[2025-04-11 13:29:37,161] multiqc                                            [DEBUG  ]  File ignored by longranger/invocation because it exceeded search pattern filesize limit: PP1_R2_001_fastqc.html
[2025-04-11 13:29:37,161] multiqc                                            [DEBUG  ]  File ignored by rockhopper because it exceeded search pattern filesize limit: PP1_R2_001_fastqc.html
[2025-04-11 13:29:37,161] multiqc                                            [DEBUG  ]  File ignored by rseqc/bam_stat because it exceeded search pattern filesize limit: PP1_R2_001_fastqc.html
[2025-04-11 13:29:37,161] multiqc                                            [DEBUG  ]  File ignored by rseqc/junction_annotation because it exceeded search pattern filesize limit: PP1_R2_001_fastqc.html
[2025-04-11 13:29:37,161] multiqc                                            [DEBUG  ]  File ignored by rseqc/read_distribution because it exceeded search pattern filesize limit: PP1_R2_001_fastqc.html
[2025-04-11 13:29:37,161] multiqc                                            [DEBUG  ]  File ignored by rseqc/infer_experiment because it exceeded search pattern filesize limit: PP1_R2_001_fastqc.html
[2025-04-11 13:29:37,183] multiqc                                            [DEBUG  ]  File ignored by nanostat because it exceeded search pattern filesize limit: PP1_R2_001_fastqc.html
[2025-04-11 13:29:37,186] multiqc                                            [DEBUG  ]  File ignored by ccs/v4 because it exceeded search pattern filesize limit: WP2_R1_001_fastqc.html
[2025-04-11 13:29:37,186] multiqc                                            [DEBUG  ]  File ignored by hicexplorer because it exceeded search pattern filesize limit: WP2_R1_001_fastqc.html
[2025-04-11 13:29:37,186] multiqc                                            [DEBUG  ]  File ignored by lima/summary because it exceeded search pattern filesize limit: WP2_R1_001_fastqc.html
[2025-04-11 13:29:37,187] multiqc                                            [DEBUG  ]  File ignored by vep/vep_txt because it exceeded search pattern filesize limit: WP2_R1_001_fastqc.html
[2025-04-11 13:29:37,187] multiqc                                            [DEBUG  ]  File ignored by longranger/invocation because it exceeded search pattern filesize limit: WP2_R1_001_fastqc.html
[2025-04-11 13:29:37,187] multiqc                                            [DEBUG  ]  File ignored by rockhopper because it exceeded search pattern filesize limit: WP2_R1_001_fastqc.html
[2025-04-11 13:29:37,187] multiqc                                            [DEBUG  ]  File ignored by rseqc/bam_stat because it exceeded search pattern filesize limit: WP2_R1_001_fastqc.html
[2025-04-11 13:29:37,187] multiqc                                            [DEBUG  ]  File ignored by rseqc/junction_annotation because it exceeded search pattern filesize limit: WP2_R1_001_fastqc.html
[2025-04-11 13:29:37,187] multiqc                                            [DEBUG  ]  File ignored by rseqc/read_distribution because it exceeded search pattern filesize limit: WP2_R1_001_fastqc.html
[2025-04-11 13:29:37,187] multiqc                                            [DEBUG  ]  File ignored by rseqc/infer_experiment because it exceeded search pattern filesize limit: WP2_R1_001_fastqc.html
[2025-04-11 13:29:37,209] multiqc                                            [DEBUG  ]  File ignored by nanostat because it exceeded search pattern filesize limit: WP2_R1_001_fastqc.html
[2025-04-11 13:29:37,212] multiqc                                            [DEBUG  ]  File ignored by ccs/v4 because it exceeded search pattern filesize limit: PP3_R1_001_fastqc.html
[2025-04-11 13:29:37,213] multiqc                                            [DEBUG  ]  File ignored by hicexplorer because it exceeded search pattern filesize limit: PP3_R1_001_fastqc.html
[2025-04-11 13:29:37,213] multiqc                                            [DEBUG  ]  File ignored by lima/summary because it exceeded search pattern filesize limit: PP3_R1_001_fastqc.html
[2025-04-11 13:29:37,214] multiqc                                            [DEBUG  ]  File ignored by vep/vep_txt because it exceeded search pattern filesize limit: PP3_R1_001_fastqc.html
[2025-04-11 13:29:37,214] multiqc                                            [DEBUG  ]  File ignored by longranger/invocation because it exceeded search pattern filesize limit: PP3_R1_001_fastqc.html
[2025-04-11 13:29:37,214] multiqc                                            [DEBUG  ]  File ignored by rockhopper because it exceeded search pattern filesize limit: PP3_R1_001_fastqc.html
[2025-04-11 13:29:37,214] multiqc                                            [DEBUG  ]  File ignored by rseqc/bam_stat because it exceeded search pattern filesize limit: PP3_R1_001_fastqc.html
[2025-04-11 13:29:37,214] multiqc                                            [DEBUG  ]  File ignored by rseqc/junction_annotation because it exceeded search pattern filesize limit: PP3_R1_001_fastqc.html
[2025-04-11 13:29:37,214] multiqc                                            [DEBUG  ]  File ignored by rseqc/read_distribution because it exceeded search pattern filesize limit: PP3_R1_001_fastqc.html
[2025-04-11 13:29:37,214] multiqc                                            [DEBUG  ]  File ignored by rseqc/infer_experiment because it exceeded search pattern filesize limit: PP3_R1_001_fastqc.html
[2025-04-11 13:29:37,236] multiqc                                            [DEBUG  ]  File ignored by nanostat because it exceeded search pattern filesize limit: PP3_R1_001_fastqc.html
[2025-04-11 13:29:37,239] multiqc                                            [DEBUG  ]  File ignored by ccs/v4 because it exceeded search pattern filesize limit: PP1_R1_001_fastqc.html
[2025-04-11 13:29:37,239] multiqc                                            [DEBUG  ]  File ignored by hicexplorer because it exceeded search pattern filesize limit: PP1_R1_001_fastqc.html
[2025-04-11 13:29:37,239] multiqc                                            [DEBUG  ]  File ignored by lima/summary because it exceeded search pattern filesize limit: PP1_R1_001_fastqc.html
[2025-04-11 13:29:37,240] multiqc                                            [DEBUG  ]  File ignored by vep/vep_txt because it exceeded search pattern filesize limit: PP1_R1_001_fastqc.html
[2025-04-11 13:29:37,240] multiqc                                            [DEBUG  ]  File ignored by longranger/invocation because it exceeded search pattern filesize limit: PP1_R1_001_fastqc.html
[2025-04-11 13:29:37,240] multiqc                                            [DEBUG  ]  File ignored by rockhopper because it exceeded search pattern filesize limit: PP1_R1_001_fastqc.html
[2025-04-11 13:29:37,240] multiqc                                            [DEBUG  ]  File ignored by rseqc/bam_stat because it exceeded search pattern filesize limit: PP1_R1_001_fastqc.html
[2025-04-11 13:29:37,240] multiqc                                            [DEBUG  ]  File ignored by rseqc/junction_annotation because it exceeded search pattern filesize limit: PP1_R1_001_fastqc.html
[2025-04-11 13:29:37,240] multiqc                                            [DEBUG  ]  File ignored by rseqc/read_distribution because it exceeded search pattern filesize limit: PP1_R1_001_fastqc.html
[2025-04-11 13:29:37,240] multiqc                                            [DEBUG  ]  File ignored by rseqc/infer_experiment because it exceeded search pattern filesize limit: PP1_R1_001_fastqc.html
[2025-04-11 13:29:37,262] multiqc                                            [DEBUG  ]  File ignored by nanostat because it exceeded search pattern filesize limit: PP1_R1_001_fastqc.html
[2025-04-11 13:29:37,265] multiqc                                            [DEBUG  ]  File ignored by ccs/v4 because it exceeded search pattern filesize limit: WA4_R1_001_fastqc.html
[2025-04-11 13:29:37,266] multiqc                                            [DEBUG  ]  File ignored by hicexplorer because it exceeded search pattern filesize limit: WA4_R1_001_fastqc.html
[2025-04-11 13:29:37,266] multiqc                                            [DEBUG  ]  File ignored by lima/summary because it exceeded search pattern filesize limit: WA4_R1_001_fastqc.html
[2025-04-11 13:29:37,267] multiqc                                            [DEBUG  ]  File ignored by vep/vep_txt because it exceeded search pattern filesize limit: WA4_R1_001_fastqc.html
[2025-04-11 13:29:37,267] multiqc                                            [DEBUG  ]  File ignored by longranger/invocation because it exceeded search pattern filesize limit: WA4_R1_001_fastqc.html
[2025-04-11 13:29:37,267] multiqc                                            [DEBUG  ]  File ignored by rockhopper because it exceeded search pattern filesize limit: WA4_R1_001_fastqc.html
[2025-04-11 13:29:37,267] multiqc                                            [DEBUG  ]  File ignored by rseqc/bam_stat because it exceeded search pattern filesize limit: WA4_R1_001_fastqc.html
[2025-04-11 13:29:37,267] multiqc                                            [DEBUG  ]  File ignored by rseqc/junction_annotation because it exceeded search pattern filesize limit: WA4_R1_001_fastqc.html
[2025-04-11 13:29:37,267] multiqc                                            [DEBUG  ]  File ignored by rseqc/read_distribution because it exceeded search pattern filesize limit: WA4_R1_001_fastqc.html
[2025-04-11 13:29:37,267] multiqc                                            [DEBUG  ]  File ignored by rseqc/infer_experiment because it exceeded search pattern filesize limit: WA4_R1_001_fastqc.html
[2025-04-11 13:29:37,288] multiqc                                            [DEBUG  ]  File ignored by nanostat because it exceeded search pattern filesize limit: WA4_R1_001_fastqc.html
[2025-04-11 13:29:37,292] multiqc                                            [DEBUG  ]  File ignored by ccs/v4 because it exceeded search pattern filesize limit: WP2_R2_001_fastqc.html
[2025-04-11 13:29:37,292] multiqc                                            [DEBUG  ]  File ignored by hicexplorer because it exceeded search pattern filesize limit: WP2_R2_001_fastqc.html
[2025-04-11 13:29:37,292] multiqc                                            [DEBUG  ]  File ignored by lima/summary because it exceeded search pattern filesize limit: WP2_R2_001_fastqc.html
[2025-04-11 13:29:37,293] multiqc                                            [DEBUG  ]  File ignored by vep/vep_txt because it exceeded search pattern filesize limit: WP2_R2_001_fastqc.html
[2025-04-11 13:29:37,293] multiqc                                            [DEBUG  ]  File ignored by longranger/invocation because it exceeded search pattern filesize limit: WP2_R2_001_fastqc.html
[2025-04-11 13:29:37,293] multiqc                                            [DEBUG  ]  File ignored by rockhopper because it exceeded search pattern filesize limit: WP2_R2_001_fastqc.html
[2025-04-11 13:29:37,293] multiqc                                            [DEBUG  ]  File ignored by rseqc/bam_stat because it exceeded search pattern filesize limit: WP2_R2_001_fastqc.html
[2025-04-11 13:29:37,293] multiqc                                            [DEBUG  ]  File ignored by rseqc/junction_annotation because it exceeded search pattern filesize limit: WP2_R2_001_fastqc.html
[2025-04-11 13:29:37,293] multiqc                                            [DEBUG  ]  File ignored by rseqc/read_distribution because it exceeded search pattern filesize limit: WP2_R2_001_fastqc.html
[2025-04-11 13:29:37,293] multiqc                                            [DEBUG  ]  File ignored by rseqc/infer_experiment because it exceeded search pattern filesize limit: WP2_R2_001_fastqc.html
[2025-04-11 13:29:37,315] multiqc                                            [DEBUG  ]  File ignored by nanostat because it exceeded search pattern filesize limit: WP2_R2_001_fastqc.html
[2025-04-11 13:29:37,319] multiqc                                            [DEBUG  ]  File ignored by ccs/v4 because it exceeded search pattern filesize limit: PA4_R1_001_fastqc.html
[2025-04-11 13:29:37,319] multiqc                                            [DEBUG  ]  File ignored by hicexplorer because it exceeded search pattern filesize limit: PA4_R1_001_fastqc.html
[2025-04-11 13:29:37,319] multiqc                                            [DEBUG  ]  File ignored by lima/summary because it exceeded search pattern filesize limit: PA4_R1_001_fastqc.html
[2025-04-11 13:29:37,320] multiqc                                            [DEBUG  ]  File ignored by vep/vep_txt because it exceeded search pattern filesize limit: PA4_R1_001_fastqc.html
[2025-04-11 13:29:37,320] multiqc                                            [DEBUG  ]  File ignored by longranger/invocation because it exceeded search pattern filesize limit: PA4_R1_001_fastqc.html
[2025-04-11 13:29:37,320] multiqc                                            [DEBUG  ]  File ignored by rockhopper because it exceeded search pattern filesize limit: PA4_R1_001_fastqc.html
[2025-04-11 13:29:37,320] multiqc                                            [DEBUG  ]  File ignored by rseqc/bam_stat because it exceeded search pattern filesize limit: PA4_R1_001_fastqc.html
[2025-04-11 13:29:37,320] multiqc                                            [DEBUG  ]  File ignored by rseqc/junction_annotation because it exceeded search pattern filesize limit: PA4_R1_001_fastqc.html
[2025-04-11 13:29:37,320] multiqc                                            [DEBUG  ]  File ignored by rseqc/read_distribution because it exceeded search pattern filesize limit: PA4_R1_001_fastqc.html
[2025-04-11 13:29:37,320] multiqc                                            [DEBUG  ]  File ignored by rseqc/infer_experiment because it exceeded search pattern filesize limit: PA4_R1_001_fastqc.html
[2025-04-11 13:29:37,342] multiqc                                            [DEBUG  ]  File ignored by nanostat because it exceeded search pattern filesize limit: PA4_R1_001_fastqc.html
[2025-04-11 13:29:37,345] multiqc                                            [DEBUG  ]  File ignored by ccs/v4 because it exceeded search pattern filesize limit: WAr_R2_001_fastqc.html
[2025-04-11 13:29:37,345] multiqc                                            [DEBUG  ]  File ignored by hicexplorer because it exceeded search pattern filesize limit: WAr_R2_001_fastqc.html
[2025-04-11 13:29:37,345] multiqc                                            [DEBUG  ]  File ignored by lima/summary because it exceeded search pattern filesize limit: WAr_R2_001_fastqc.html
[2025-04-11 13:29:37,346] multiqc                                            [DEBUG  ]  File ignored by vep/vep_txt because it exceeded search pattern filesize limit: WAr_R2_001_fastqc.html
[2025-04-11 13:29:37,346] multiqc                                            [DEBUG  ]  File ignored by longranger/invocation because it exceeded search pattern filesize limit: WAr_R2_001_fastqc.html
[2025-04-11 13:29:37,346] multiqc                                            [DEBUG  ]  File ignored by rockhopper because it exceeded search pattern filesize limit: WAr_R2_001_fastqc.html
[2025-04-11 13:29:37,346] multiqc                                            [DEBUG  ]  File ignored by rseqc/bam_stat because it exceeded search pattern filesize limit: WAr_R2_001_fastqc.html
[2025-04-11 13:29:37,346] multiqc                                            [DEBUG  ]  File ignored by rseqc/junction_annotation because it exceeded search pattern filesize limit: WAr_R2_001_fastqc.html
[2025-04-11 13:29:37,346] multiqc                                            [DEBUG  ]  File ignored by rseqc/read_distribution because it exceeded search pattern filesize limit: WAr_R2_001_fastqc.html
[2025-04-11 13:29:37,346] multiqc                                            [DEBUG  ]  File ignored by rseqc/infer_experiment because it exceeded search pattern filesize limit: WAr_R2_001_fastqc.html
[2025-04-11 13:29:37,368] multiqc                                            [DEBUG  ]  File ignored by nanostat because it exceeded search pattern filesize limit: WAr_R2_001_fastqc.html
[2025-04-11 13:29:37,372] multiqc                                            [DEBUG  ]  File ignored by ccs/v4 because it exceeded search pattern filesize limit: WA1_R1_001_fastqc.html
[2025-04-11 13:29:37,373] multiqc                                            [DEBUG  ]  File ignored by hicexplorer because it exceeded search pattern filesize limit: WA1_R1_001_fastqc.html
[2025-04-11 13:29:37,373] multiqc                                            [DEBUG  ]  File ignored by lima/summary because it exceeded search pattern filesize limit: WA1_R1_001_fastqc.html
[2025-04-11 13:29:37,373] multiqc                                            [DEBUG  ]  File ignored by vep/vep_txt because it exceeded search pattern filesize limit: WA1_R1_001_fastqc.html
[2025-04-11 13:29:37,373] multiqc                                            [DEBUG  ]  File ignored by longranger/invocation because it exceeded search pattern filesize limit: WA1_R1_001_fastqc.html
[2025-04-11 13:29:37,374] multiqc                                            [DEBUG  ]  File ignored by rockhopper because it exceeded search pattern filesize limit: WA1_R1_001_fastqc.html
[2025-04-11 13:29:37,374] multiqc                                            [DEBUG  ]  File ignored by rseqc/bam_stat because it exceeded search pattern filesize limit: WA1_R1_001_fastqc.html
[2025-04-11 13:29:37,374] multiqc                                            [DEBUG  ]  File ignored by rseqc/junction_annotation because it exceeded search pattern filesize limit: WA1_R1_001_fastqc.html
[2025-04-11 13:29:37,374] multiqc                                            [DEBUG  ]  File ignored by rseqc/read_distribution because it exceeded search pattern filesize limit: WA1_R1_001_fastqc.html
[2025-04-11 13:29:37,374] multiqc                                            [DEBUG  ]  File ignored by rseqc/infer_experiment because it exceeded search pattern filesize limit: WA1_R1_001_fastqc.html
[2025-04-11 13:29:37,395] multiqc                                            [DEBUG  ]  File ignored by nanostat because it exceeded search pattern filesize limit: WA1_R1_001_fastqc.html
[2025-04-11 13:29:37,398] multiqc                                            [DEBUG  ]  File ignored by ccs/v4 because it exceeded search pattern filesize limit: WP4_R1_001_fastqc.html
[2025-04-11 13:29:37,399] multiqc                                            [DEBUG  ]  File ignored by hicexplorer because it exceeded search pattern filesize limit: WP4_R1_001_fastqc.html
[2025-04-11 13:29:37,399] multiqc                                            [DEBUG  ]  File ignored by lima/summary because it exceeded search pattern filesize limit: WP4_R1_001_fastqc.html
[2025-04-11 13:29:37,400] multiqc                                            [DEBUG  ]  File ignored by vep/vep_txt because it exceeded search pattern filesize limit: WP4_R1_001_fastqc.html
[2025-04-11 13:29:37,400] multiqc                                            [DEBUG  ]  File ignored by longranger/invocation because it exceeded search pattern filesize limit: WP4_R1_001_fastqc.html
[2025-04-11 13:29:37,400] multiqc                                            [DEBUG  ]  File ignored by rockhopper because it exceeded search pattern filesize limit: WP4_R1_001_fastqc.html
[2025-04-11 13:29:37,400] multiqc                                            [DEBUG  ]  File ignored by rseqc/bam_stat because it exceeded search pattern filesize limit: WP4_R1_001_fastqc.html
[2025-04-11 13:29:37,401] multiqc                                            [DEBUG  ]  File ignored by rseqc/junction_annotation because it exceeded search pattern filesize limit: WP4_R1_001_fastqc.html
[2025-04-11 13:29:37,401] multiqc                                            [DEBUG  ]  File ignored by rseqc/read_distribution because it exceeded search pattern filesize limit: WP4_R1_001_fastqc.html
[2025-04-11 13:29:37,401] multiqc                                            [DEBUG  ]  File ignored by rseqc/infer_experiment because it exceeded search pattern filesize limit: WP4_R1_001_fastqc.html
[2025-04-11 13:29:37,421] multiqc                                            [DEBUG  ]  File ignored by nanostat because it exceeded search pattern filesize limit: WP4_R1_001_fastqc.html
[2025-04-11 13:29:37,425] multiqc                                            [DEBUG  ]  File ignored by ccs/v4 because it exceeded search pattern filesize limit: PP4_R2_001_fastqc.html
[2025-04-11 13:29:37,425] multiqc                                            [DEBUG  ]  File ignored by hicexplorer because it exceeded search pattern filesize limit: PP4_R2_001_fastqc.html
[2025-04-11 13:29:37,425] multiqc                                            [DEBUG  ]  File ignored by lima/summary because it exceeded search pattern filesize limit: PP4_R2_001_fastqc.html
[2025-04-11 13:29:37,426] multiqc                                            [DEBUG  ]  File ignored by vep/vep_txt because it exceeded search pattern filesize limit: PP4_R2_001_fastqc.html
[2025-04-11 13:29:37,426] multiqc                                            [DEBUG  ]  File ignored by longranger/invocation because it exceeded search pattern filesize limit: PP4_R2_001_fastqc.html
[2025-04-11 13:29:37,426] multiqc                                            [DEBUG  ]  File ignored by rockhopper because it exceeded search pattern filesize limit: PP4_R2_001_fastqc.html
[2025-04-11 13:29:37,426] multiqc                                            [DEBUG  ]  File ignored by rseqc/bam_stat because it exceeded search pattern filesize limit: PP4_R2_001_fastqc.html
[2025-04-11 13:29:37,426] multiqc                                            [DEBUG  ]  File ignored by rseqc/junction_annotation because it exceeded search pattern filesize limit: PP4_R2_001_fastqc.html
[2025-04-11 13:29:37,426] multiqc                                            [DEBUG  ]  File ignored by rseqc/read_distribution because it exceeded search pattern filesize limit: PP4_R2_001_fastqc.html
[2025-04-11 13:29:37,426] multiqc                                            [DEBUG  ]  File ignored by rseqc/infer_experiment because it exceeded search pattern filesize limit: PP4_R2_001_fastqc.html
[2025-04-11 13:29:37,448] multiqc                                            [DEBUG  ]  File ignored by nanostat because it exceeded search pattern filesize limit: PP4_R2_001_fastqc.html
[2025-04-11 13:29:37,451] multiqc                                            [DEBUG  ]  File ignored by ccs/v4 because it exceeded search pattern filesize limit: PP2_R1_001_fastqc.html
[2025-04-11 13:29:37,451] multiqc                                            [DEBUG  ]  File ignored by hicexplorer because it exceeded search pattern filesize limit: PP2_R1_001_fastqc.html
[2025-04-11 13:29:37,451] multiqc                                            [DEBUG  ]  File ignored by lima/summary because it exceeded search pattern filesize limit: PP2_R1_001_fastqc.html
[2025-04-11 13:29:37,452] multiqc                                            [DEBUG  ]  File ignored by vep/vep_txt because it exceeded search pattern filesize limit: PP2_R1_001_fastqc.html
[2025-04-11 13:29:37,452] multiqc                                            [DEBUG  ]  File ignored by longranger/invocation because it exceeded search pattern filesize limit: PP2_R1_001_fastqc.html
[2025-04-11 13:29:37,452] multiqc                                            [DEBUG  ]  File ignored by rockhopper because it exceeded search pattern filesize limit: PP2_R1_001_fastqc.html
[2025-04-11 13:29:37,452] multiqc                                            [DEBUG  ]  File ignored by rseqc/bam_stat because it exceeded search pattern filesize limit: PP2_R1_001_fastqc.html
[2025-04-11 13:29:37,452] multiqc                                            [DEBUG  ]  File ignored by rseqc/junction_annotation because it exceeded search pattern filesize limit: PP2_R1_001_fastqc.html
[2025-04-11 13:29:37,452] multiqc                                            [DEBUG  ]  File ignored by rseqc/read_distribution because it exceeded search pattern filesize limit: PP2_R1_001_fastqc.html
[2025-04-11 13:29:37,452] multiqc                                            [DEBUG  ]  File ignored by rseqc/infer_experiment because it exceeded search pattern filesize limit: PP2_R1_001_fastqc.html
[2025-04-11 13:29:37,474] multiqc                                            [DEBUG  ]  File ignored by nanostat because it exceeded search pattern filesize limit: PP2_R1_001_fastqc.html
[2025-04-11 13:29:37,477] multiqc                                            [DEBUG  ]  File ignored by ccs/v4 because it exceeded search pattern filesize limit: PA3_R2_001_fastqc.html
[2025-04-11 13:29:37,477] multiqc                                            [DEBUG  ]  File ignored by hicexplorer because it exceeded search pattern filesize limit: PA3_R2_001_fastqc.html
[2025-04-11 13:29:37,477] multiqc                                            [DEBUG  ]  File ignored by lima/summary because it exceeded search pattern filesize limit: PA3_R2_001_fastqc.html
[2025-04-11 13:29:37,478] multiqc                                            [DEBUG  ]  File ignored by vep/vep_txt because it exceeded search pattern filesize limit: PA3_R2_001_fastqc.html
[2025-04-11 13:29:37,478] multiqc                                            [DEBUG  ]  File ignored by longranger/invocation because it exceeded search pattern filesize limit: PA3_R2_001_fastqc.html
[2025-04-11 13:29:37,478] multiqc                                            [DEBUG  ]  File ignored by rockhopper because it exceeded search pattern filesize limit: PA3_R2_001_fastqc.html
[2025-04-11 13:29:37,478] multiqc                                            [DEBUG  ]  File ignored by rseqc/bam_stat because it exceeded search pattern filesize limit: PA3_R2_001_fastqc.html
[2025-04-11 13:29:37,478] multiqc                                            [DEBUG  ]  File ignored by rseqc/junction_annotation because it exceeded search pattern filesize limit: PA3_R2_001_fastqc.html
[2025-04-11 13:29:37,478] multiqc                                            [DEBUG  ]  File ignored by rseqc/read_distribution because it exceeded search pattern filesize limit: PA3_R2_001_fastqc.html
[2025-04-11 13:29:37,478] multiqc                                            [DEBUG  ]  File ignored by rseqc/infer_experiment because it exceeded search pattern filesize limit: PA3_R2_001_fastqc.html
[2025-04-11 13:29:37,500] multiqc                                            [DEBUG  ]  File ignored by nanostat because it exceeded search pattern filesize limit: PA3_R2_001_fastqc.html
[2025-04-11 13:29:37,504] multiqc                                            [DEBUG  ]  File ignored by ccs/v4 because it exceeded search pattern filesize limit: WA4_R2_001_fastqc.html
[2025-04-11 13:29:37,504] multiqc                                            [DEBUG  ]  File ignored by hicexplorer because it exceeded search pattern filesize limit: WA4_R2_001_fastqc.html
[2025-04-11 13:29:37,504] multiqc                                            [DEBUG  ]  File ignored by lima/summary because it exceeded search pattern filesize limit: WA4_R2_001_fastqc.html
[2025-04-11 13:29:37,505] multiqc                                            [DEBUG  ]  File ignored by vep/vep_txt because it exceeded search pattern filesize limit: WA4_R2_001_fastqc.html
[2025-04-11 13:29:37,505] multiqc                                            [DEBUG  ]  File ignored by longranger/invocation because it exceeded search pattern filesize limit: WA4_R2_001_fastqc.html
[2025-04-11 13:29:37,505] multiqc                                            [DEBUG  ]  File ignored by rockhopper because it exceeded search pattern filesize limit: WA4_R2_001_fastqc.html
[2025-04-11 13:29:37,505] multiqc                                            [DEBUG  ]  File ignored by rseqc/bam_stat because it exceeded search pattern filesize limit: WA4_R2_001_fastqc.html
[2025-04-11 13:29:37,505] multiqc                                            [DEBUG  ]  File ignored by rseqc/junction_annotation because it exceeded search pattern filesize limit: WA4_R2_001_fastqc.html
[2025-04-11 13:29:37,505] multiqc                                            [DEBUG  ]  File ignored by rseqc/read_distribution because it exceeded search pattern filesize limit: WA4_R2_001_fastqc.html
[2025-04-11 13:29:37,505] multiqc                                            [DEBUG  ]  File ignored by rseqc/infer_experiment because it exceeded search pattern filesize limit: WA4_R2_001_fastqc.html
[2025-04-11 13:29:37,527] multiqc                                            [DEBUG  ]  File ignored by nanostat because it exceeded search pattern filesize limit: WA4_R2_001_fastqc.html
[2025-04-11 13:29:37,530] multiqc                                            [DEBUG  ]  File ignored by ccs/v4 because it exceeded search pattern filesize limit: WA1_R2_001_fastqc.html
[2025-04-11 13:29:37,531] multiqc                                            [DEBUG  ]  File ignored by hicexplorer because it exceeded search pattern filesize limit: WA1_R2_001_fastqc.html
[2025-04-11 13:29:37,531] multiqc                                            [DEBUG  ]  File ignored by lima/summary because it exceeded search pattern filesize limit: WA1_R2_001_fastqc.html
[2025-04-11 13:29:37,532] multiqc                                            [DEBUG  ]  File ignored by vep/vep_txt because it exceeded search pattern filesize limit: WA1_R2_001_fastqc.html
[2025-04-11 13:29:37,532] multiqc                                            [DEBUG  ]  File ignored by longranger/invocation because it exceeded search pattern filesize limit: WA1_R2_001_fastqc.html
[2025-04-11 13:29:37,532] multiqc                                            [DEBUG  ]  File ignored by rockhopper because it exceeded search pattern filesize limit: WA1_R2_001_fastqc.html
[2025-04-11 13:29:37,532] multiqc                                            [DEBUG  ]  File ignored by rseqc/bam_stat because it exceeded search pattern filesize limit: WA1_R2_001_fastqc.html
[2025-04-11 13:29:37,532] multiqc                                            [DEBUG  ]  File ignored by rseqc/junction_annotation because it exceeded search pattern filesize limit: WA1_R2_001_fastqc.html
[2025-04-11 13:29:37,532] multiqc                                            [DEBUG  ]  File ignored by rseqc/read_distribution because it exceeded search pattern filesize limit: WA1_R2_001_fastqc.html
[2025-04-11 13:29:37,532] multiqc                                            [DEBUG  ]  File ignored by rseqc/infer_experiment because it exceeded search pattern filesize limit: WA1_R2_001_fastqc.html
[2025-04-11 13:29:37,553] multiqc                                            [DEBUG  ]  File ignored by nanostat because it exceeded search pattern filesize limit: WA1_R2_001_fastqc.html
[2025-04-11 13:29:37,557] multiqc                                            [DEBUG  ]  File ignored by ccs/v4 because it exceeded search pattern filesize limit: WA2_R1_001_fastqc.html
[2025-04-11 13:29:37,557] multiqc                                            [DEBUG  ]  File ignored by hicexplorer because it exceeded search pattern filesize limit: WA2_R1_001_fastqc.html
[2025-04-11 13:29:37,557] multiqc                                            [DEBUG  ]  File ignored by lima/summary because it exceeded search pattern filesize limit: WA2_R1_001_fastqc.html
[2025-04-11 13:29:37,558] multiqc                                            [DEBUG  ]  File ignored by vep/vep_txt because it exceeded search pattern filesize limit: WA2_R1_001_fastqc.html
[2025-04-11 13:29:37,558] multiqc                                            [DEBUG  ]  File ignored by longranger/invocation because it exceeded search pattern filesize limit: WA2_R1_001_fastqc.html
[2025-04-11 13:29:37,558] multiqc                                            [DEBUG  ]  File ignored by rockhopper because it exceeded search pattern filesize limit: WA2_R1_001_fastqc.html
[2025-04-11 13:29:37,558] multiqc                                            [DEBUG  ]  File ignored by rseqc/bam_stat because it exceeded search pattern filesize limit: WA2_R1_001_fastqc.html
[2025-04-11 13:29:37,558] multiqc                                            [DEBUG  ]  File ignored by rseqc/junction_annotation because it exceeded search pattern filesize limit: WA2_R1_001_fastqc.html
[2025-04-11 13:29:37,558] multiqc                                            [DEBUG  ]  File ignored by rseqc/read_distribution because it exceeded search pattern filesize limit: WA2_R1_001_fastqc.html
[2025-04-11 13:29:37,558] multiqc                                            [DEBUG  ]  File ignored by rseqc/infer_experiment because it exceeded search pattern filesize limit: WA2_R1_001_fastqc.html
[2025-04-11 13:29:37,580] multiqc                                            [DEBUG  ]  File ignored by nanostat because it exceeded search pattern filesize limit: WA2_R1_001_fastqc.html
[2025-04-11 13:29:37,583] multiqc                                            [DEBUG  ]  File ignored by ccs/v4 because it exceeded search pattern filesize limit: PP3_R2_001_fastqc.html
[2025-04-11 13:29:37,583] multiqc                                            [DEBUG  ]  File ignored by hicexplorer because it exceeded search pattern filesize limit: PP3_R2_001_fastqc.html
[2025-04-11 13:29:37,584] multiqc                                            [DEBUG  ]  File ignored by lima/summary because it exceeded search pattern filesize limit: PP3_R2_001_fastqc.html
[2025-04-11 13:29:37,584] multiqc                                            [DEBUG  ]  File ignored by vep/vep_txt because it exceeded search pattern filesize limit: PP3_R2_001_fastqc.html
[2025-04-11 13:29:37,584] multiqc                                            [DEBUG  ]  File ignored by longranger/invocation because it exceeded search pattern filesize limit: PP3_R2_001_fastqc.html
[2025-04-11 13:29:37,584] multiqc                                            [DEBUG  ]  File ignored by rockhopper because it exceeded search pattern filesize limit: PP3_R2_001_fastqc.html
[2025-04-11 13:29:37,584] multiqc                                            [DEBUG  ]  File ignored by rseqc/bam_stat because it exceeded search pattern filesize limit: PP3_R2_001_fastqc.html
[2025-04-11 13:29:37,584] multiqc                                            [DEBUG  ]  File ignored by rseqc/junction_annotation because it exceeded search pattern filesize limit: PP3_R2_001_fastqc.html
[2025-04-11 13:29:37,584] multiqc                                            [DEBUG  ]  File ignored by rseqc/read_distribution because it exceeded search pattern filesize limit: PP3_R2_001_fastqc.html
[2025-04-11 13:29:37,584] multiqc                                            [DEBUG  ]  File ignored by rseqc/infer_experiment because it exceeded search pattern filesize limit: PP3_R2_001_fastqc.html
[2025-04-11 13:29:37,606] multiqc                                            [DEBUG  ]  File ignored by nanostat because it exceeded search pattern filesize limit: PP3_R2_001_fastqc.html
[2025-04-11 13:29:37,609] multiqc                                            [DEBUG  ]  File ignored by ccs/v4 because it exceeded search pattern filesize limit: WP1_R2_001_fastqc.html
[2025-04-11 13:29:37,609] multiqc                                            [DEBUG  ]  File ignored by hicexplorer because it exceeded search pattern filesize limit: WP1_R2_001_fastqc.html
[2025-04-11 13:29:37,609] multiqc                                            [DEBUG  ]  File ignored by lima/summary because it exceeded search pattern filesize limit: WP1_R2_001_fastqc.html
[2025-04-11 13:29:37,610] multiqc                                            [DEBUG  ]  File ignored by vep/vep_txt because it exceeded search pattern filesize limit: WP1_R2_001_fastqc.html
[2025-04-11 13:29:37,610] multiqc                                            [DEBUG  ]  File ignored by longranger/invocation because it exceeded search pattern filesize limit: WP1_R2_001_fastqc.html
[2025-04-11 13:29:37,610] multiqc                                            [DEBUG  ]  File ignored by rockhopper because it exceeded search pattern filesize limit: WP1_R2_001_fastqc.html
[2025-04-11 13:29:37,610] multiqc                                            [DEBUG  ]  File ignored by rseqc/bam_stat because it exceeded search pattern filesize limit: WP1_R2_001_fastqc.html
[2025-04-11 13:29:37,610] multiqc                                            [DEBUG  ]  File ignored by rseqc/junction_annotation because it exceeded search pattern filesize limit: WP1_R2_001_fastqc.html
[2025-04-11 13:29:37,610] multiqc                                            [DEBUG  ]  File ignored by rseqc/read_distribution because it exceeded search pattern filesize limit: WP1_R2_001_fastqc.html
[2025-04-11 13:29:37,610] multiqc                                            [DEBUG  ]  File ignored by rseqc/infer_experiment because it exceeded search pattern filesize limit: WP1_R2_001_fastqc.html
[2025-04-11 13:29:37,632] multiqc                                            [DEBUG  ]  File ignored by nanostat because it exceeded search pattern filesize limit: WP1_R2_001_fastqc.html
[2025-04-11 13:29:37,636] multiqc                                            [DEBUG  ]  File ignored by ccs/v4 because it exceeded search pattern filesize limit: WPr_R2_001_fastqc.html
[2025-04-11 13:29:37,636] multiqc                                            [DEBUG  ]  File ignored by hicexplorer because it exceeded search pattern filesize limit: WPr_R2_001_fastqc.html
[2025-04-11 13:29:37,636] multiqc                                            [DEBUG  ]  File ignored by lima/summary because it exceeded search pattern filesize limit: WPr_R2_001_fastqc.html
[2025-04-11 13:29:37,637] multiqc                                            [DEBUG  ]  File ignored by vep/vep_txt because it exceeded search pattern filesize limit: WPr_R2_001_fastqc.html
[2025-04-11 13:29:37,637] multiqc                                            [DEBUG  ]  File ignored by longranger/invocation because it exceeded search pattern filesize limit: WPr_R2_001_fastqc.html
[2025-04-11 13:29:37,637] multiqc                                            [DEBUG  ]  File ignored by rockhopper because it exceeded search pattern filesize limit: WPr_R2_001_fastqc.html
[2025-04-11 13:29:37,637] multiqc                                            [DEBUG  ]  File ignored by rseqc/bam_stat because it exceeded search pattern filesize limit: WPr_R2_001_fastqc.html
[2025-04-11 13:29:37,637] multiqc                                            [DEBUG  ]  File ignored by rseqc/junction_annotation because it exceeded search pattern filesize limit: WPr_R2_001_fastqc.html
[2025-04-11 13:29:37,637] multiqc                                            [DEBUG  ]  File ignored by rseqc/read_distribution because it exceeded search pattern filesize limit: WPr_R2_001_fastqc.html
[2025-04-11 13:29:37,637] multiqc                                            [DEBUG  ]  File ignored by rseqc/infer_experiment because it exceeded search pattern filesize limit: WPr_R2_001_fastqc.html
[2025-04-11 13:29:37,659] multiqc                                            [DEBUG  ]  File ignored by nanostat because it exceeded search pattern filesize limit: WPr_R2_001_fastqc.html
[2025-04-11 13:29:37,662] multiqc                                            [DEBUG  ]  File ignored by ccs/v4 because it exceeded search pattern filesize limit: PA1_R1_001_fastqc.html
[2025-04-11 13:29:37,662] multiqc                                            [DEBUG  ]  File ignored by hicexplorer because it exceeded search pattern filesize limit: PA1_R1_001_fastqc.html
[2025-04-11 13:29:37,662] multiqc                                            [DEBUG  ]  File ignored by lima/summary because it exceeded search pattern filesize limit: PA1_R1_001_fastqc.html
[2025-04-11 13:29:37,663] multiqc                                            [DEBUG  ]  File ignored by vep/vep_txt because it exceeded search pattern filesize limit: PA1_R1_001_fastqc.html
[2025-04-11 13:29:37,663] multiqc                                            [DEBUG  ]  File ignored by longranger/invocation because it exceeded search pattern filesize limit: PA1_R1_001_fastqc.html
[2025-04-11 13:29:37,663] multiqc                                            [DEBUG  ]  File ignored by rockhopper because it exceeded search pattern filesize limit: PA1_R1_001_fastqc.html
[2025-04-11 13:29:37,663] multiqc                                            [DEBUG  ]  File ignored by rseqc/bam_stat because it exceeded search pattern filesize limit: PA1_R1_001_fastqc.html
[2025-04-11 13:29:37,663] multiqc                                            [DEBUG  ]  File ignored by rseqc/junction_annotation because it exceeded search pattern filesize limit: PA1_R1_001_fastqc.html
[2025-04-11 13:29:37,663] multiqc                                            [DEBUG  ]  File ignored by rseqc/read_distribution because it exceeded search pattern filesize limit: PA1_R1_001_fastqc.html
[2025-04-11 13:29:37,663] multiqc                                            [DEBUG  ]  File ignored by rseqc/infer_experiment because it exceeded search pattern filesize limit: PA1_R1_001_fastqc.html
[2025-04-11 13:29:37,685] multiqc                                            [DEBUG  ]  File ignored by nanostat because it exceeded search pattern filesize limit: PA1_R1_001_fastqc.html
[2025-04-11 13:29:37,688] multiqc                                            [DEBUG  ]  File ignored by ccs/v4 because it exceeded search pattern filesize limit: WA3_R1_001_fastqc.html
[2025-04-11 13:29:37,688] multiqc                                            [DEBUG  ]  File ignored by hicexplorer because it exceeded search pattern filesize limit: WA3_R1_001_fastqc.html
[2025-04-11 13:29:37,688] multiqc                                            [DEBUG  ]  File ignored by lima/summary because it exceeded search pattern filesize limit: WA3_R1_001_fastqc.html
[2025-04-11 13:29:37,689] multiqc                                            [DEBUG  ]  File ignored by vep/vep_txt because it exceeded search pattern filesize limit: WA3_R1_001_fastqc.html
[2025-04-11 13:29:37,689] multiqc                                            [DEBUG  ]  File ignored by longranger/invocation because it exceeded search pattern filesize limit: WA3_R1_001_fastqc.html
[2025-04-11 13:29:37,689] multiqc                                            [DEBUG  ]  File ignored by rockhopper because it exceeded search pattern filesize limit: WA3_R1_001_fastqc.html
[2025-04-11 13:29:37,689] multiqc                                            [DEBUG  ]  File ignored by rseqc/bam_stat because it exceeded search pattern filesize limit: WA3_R1_001_fastqc.html
[2025-04-11 13:29:37,689] multiqc                                            [DEBUG  ]  File ignored by rseqc/junction_annotation because it exceeded search pattern filesize limit: WA3_R1_001_fastqc.html
[2025-04-11 13:29:37,689] multiqc                                            [DEBUG  ]  File ignored by rseqc/read_distribution because it exceeded search pattern filesize limit: WA3_R1_001_fastqc.html
[2025-04-11 13:29:37,689] multiqc                                            [DEBUG  ]  File ignored by rseqc/infer_experiment because it exceeded search pattern filesize limit: WA3_R1_001_fastqc.html
[2025-04-11 13:29:37,711] multiqc                                            [DEBUG  ]  File ignored by nanostat because it exceeded search pattern filesize limit: WA3_R1_001_fastqc.html
[2025-04-11 13:29:37,714] multiqc                                            [DEBUG  ]  File ignored by ccs/v4 because it exceeded search pattern filesize limit: WP4_R2_001_fastqc.html
[2025-04-11 13:29:37,715] multiqc                                            [DEBUG  ]  File ignored by hicexplorer because it exceeded search pattern filesize limit: WP4_R2_001_fastqc.html
[2025-04-11 13:29:37,715] multiqc                                            [DEBUG  ]  File ignored by lima/summary because it exceeded search pattern filesize limit: WP4_R2_001_fastqc.html
[2025-04-11 13:29:37,715] multiqc                                            [DEBUG  ]  File ignored by vep/vep_txt because it exceeded search pattern filesize limit: WP4_R2_001_fastqc.html
[2025-04-11 13:29:37,715] multiqc                                            [DEBUG  ]  File ignored by longranger/invocation because it exceeded search pattern filesize limit: WP4_R2_001_fastqc.html
[2025-04-11 13:29:37,715] multiqc                                            [DEBUG  ]  File ignored by rockhopper because it exceeded search pattern filesize limit: WP4_R2_001_fastqc.html
[2025-04-11 13:29:37,715] multiqc                                            [DEBUG  ]  File ignored by rseqc/bam_stat because it exceeded search pattern filesize limit: WP4_R2_001_fastqc.html
[2025-04-11 13:29:37,716] multiqc                                            [DEBUG  ]  File ignored by rseqc/junction_annotation because it exceeded search pattern filesize limit: WP4_R2_001_fastqc.html
[2025-04-11 13:29:37,716] multiqc                                            [DEBUG  ]  File ignored by rseqc/read_distribution because it exceeded search pattern filesize limit: WP4_R2_001_fastqc.html
[2025-04-11 13:29:37,716] multiqc                                            [DEBUG  ]  File ignored by rseqc/infer_experiment because it exceeded search pattern filesize limit: WP4_R2_001_fastqc.html
[2025-04-11 13:29:37,737] multiqc                                            [DEBUG  ]  File ignored by nanostat because it exceeded search pattern filesize limit: WP4_R2_001_fastqc.html
[2025-04-11 13:29:37,741] multiqc                                            [DEBUG  ]  File ignored by ccs/v4 because it exceeded search pattern filesize limit: WA3_R2_001_fastqc.html
[2025-04-11 13:29:37,741] multiqc                                            [DEBUG  ]  File ignored by hicexplorer because it exceeded search pattern filesize limit: WA3_R2_001_fastqc.html
[2025-04-11 13:29:37,741] multiqc                                            [DEBUG  ]  File ignored by lima/summary because it exceeded search pattern filesize limit: WA3_R2_001_fastqc.html
[2025-04-11 13:29:37,742] multiqc                                            [DEBUG  ]  File ignored by vep/vep_txt because it exceeded search pattern filesize limit: WA3_R2_001_fastqc.html
[2025-04-11 13:29:37,742] multiqc                                            [DEBUG  ]  File ignored by longranger/invocation because it exceeded search pattern filesize limit: WA3_R2_001_fastqc.html
[2025-04-11 13:29:37,742] multiqc                                            [DEBUG  ]  File ignored by rockhopper because it exceeded search pattern filesize limit: WA3_R2_001_fastqc.html
[2025-04-11 13:29:37,742] multiqc                                            [DEBUG  ]  File ignored by rseqc/bam_stat because it exceeded search pattern filesize limit: WA3_R2_001_fastqc.html
[2025-04-11 13:29:37,742] multiqc                                            [DEBUG  ]  File ignored by rseqc/junction_annotation because it exceeded search pattern filesize limit: WA3_R2_001_fastqc.html
[2025-04-11 13:29:37,742] multiqc                                            [DEBUG  ]  File ignored by rseqc/read_distribution because it exceeded search pattern filesize limit: WA3_R2_001_fastqc.html
[2025-04-11 13:29:37,742] multiqc                                            [DEBUG  ]  File ignored by rseqc/infer_experiment because it exceeded search pattern filesize limit: WA3_R2_001_fastqc.html
[2025-04-11 13:29:37,764] multiqc                                            [DEBUG  ]  File ignored by nanostat because it exceeded search pattern filesize limit: WA3_R2_001_fastqc.html
[2025-04-11 13:29:41,742] multiqc.plots.linegraph                            [DEBUG  ]  Using matplotlib version 3.4.3
[2025-04-11 13:29:41,742] multiqc.plots.bargraph                             [DEBUG  ]  Using matplotlib version 3.4.3
[2025-04-11 13:29:43,849] multiqc.modules.fastqc.fastqc                      [INFO   ]  Found 36 reports
[2025-04-11 13:29:45,280] multiqc                                            [INFO   ]  Compressing plot data
[2025-04-11 13:29:45,589] multiqc                                            [INFO   ]  Report      : multiqc_report.html
[2025-04-11 13:29:45,589] multiqc                                            [INFO   ]  Data        : multiqc_data
[2025-04-11 13:29:45,589] multiqc                                            [DEBUG  ]  Moving data file from '/tmp/tmpt2skrny6/multiqc_data' to '/home/shared/8TB_HDD_02/lbreit/fish546/lara-zostera/project/output/multiqc_data'
[2025-04-11 13:29:45,649] multiqc                                            [INFO   ]  MultiQC complete
[2025-04-11 13:29:45,649] multiqc                                            [WARNING]  1 flat-image plot used in the report due to large sample numbers
